Started by user [8mha:AAAAjB+LCAAAAAAAAABb85aBtbiIQSajNKU4P08vOT+vOD8nVc+jsiC1KCczL9svvyT1dMUiOWdZ/mImBiZPBrac1Lz0kgwfBubSopwSBiGfrMSyRP2cxLx0/eCSosy8dOuKIgYpNOOcITTIMAYIYGRiYKgoADJ4Shh49EuLU4v0s1NNCgsLAYYg/s+RAAAA[0mDavid Nalley
Checkout:junit-test / /var/lib/jenkins/workspace/junit-test - hudson.remoting.LocalChannel@2cef66
Using strategy: Default
Checkout:junit-test / /var/lib/jenkins/workspace/junit-test - hudson.remoting.LocalChannel@2cef66
Cloning the remote Git repository
Cloning repository origin
Fetching upstream changes from https://git-wip-us.apache.org/repos/asf/incubator-cloudstack.git
Commencing build of Revision 81afcabdb276acd6918b0742be08d6d6e6e40144 (origin/master)
Checking out Revision 81afcabdb276acd6918b0742be08d6d6e6e40144 (origin/master)
No change to record in branch origin/master
[junit-test] $ ant unittest
Buildfile: /var/lib/jenkins/workspace/junit-test/build.xml
     [echo] Using build parameters from /var/lib/jenkins/workspace/junit-test/build/build-cloud.properties
     [echo] Using company info from /var/lib/jenkins/workspace/junit-test/build/cloud.properties
     [echo] Using override file from /var/lib/jenkins/workspace/junit-test/build/replace.properties
     [echo] Using build parameters from /var/lib/jenkins/workspace/junit-test/build/build-cloud.properties
     [echo] Using company info from /var/lib/jenkins/workspace/junit-test/build/cloud.properties
     [echo] Using override file from /var/lib/jenkins/workspace/junit-test/build/replace.properties
     [echo] deploy home: /var/lib/jenkins/workspace/junit-test/build/deploy

[8mha:AAAAYB+LCAAAAAAAAABb85aBtbiIQT6jNKU4P0+vJLE4u1gvPjGvRM8xryQksSg9tcQvvyTVvqNr/s+Vl9uYGBgqihikoKqT8/OK83NS9ZwhNEghAwQwghQWAADROOumXQAAAA==[0m-init:
    [mkdir] Created dir: /var/lib/jenkins/workspace/junit-test/dist
    [mkdir] Created dir: /var/lib/jenkins/workspace/junit-test/target
     [echo] builder: jenkins at domU-12-31-39-15-22-2D, on 2012-07-05T23:02:33Z
     [echo] Build number is 3.0.3.2012-07-05T23:02:33Z
    [mkdir] Created dir: /var/lib/jenkins/workspace/junit-test/target/jar
    [mkdir] Created dir: /var/lib/jenkins/workspace/junit-test/target/docs
    [mkdir] Created dir: /var/lib/jenkins/workspace/junit-test/target/dep-cache

[8mha:AAAAYB+LCAAAAAAAAABb85aBtbiIQT6jNKU4P0+vJLE4u1gvPjGvRM8xryQksSg9tcQvvyTVvqNr/s+Vl9uYGBgqihikoKqT8/OK83NS9ZwhNEghAwQwghQWAADROOumXQAAAA==[0mcompile-utils:
    [mkdir] Created dir: /var/lib/jenkins/workspace/junit-test/target/classes/cloud-utils.jar
     [echo] Compiling /var/lib/jenkins/workspace/junit-test/utils/src
    [javac] Compiling 212 source files to /var/lib/jenkins/workspace/junit-test/target/classes/cloud-utils.jar
    [javac] Note: /var/lib/jenkins/workspace/junit-test/utils/src/com/cloud/utils/UriUtils.java uses or overrides a deprecated API.
    [javac] Note: Recompile with -Xlint:deprecation for details.
    [javac] Note: Some input files use unchecked or unsafe operations.
    [javac] Note: Recompile with -Xlint:unchecked for details.
      [jar] Building jar: /var/lib/jenkins/workspace/junit-test/target/jar/cloud-utils.jar

[8mha:AAAAYB+LCAAAAAAAAABb85aBtbiIQT6jNKU4P0+vJLE4u1gvPjGvRM8xryQksSg9tcQvvyTVvqNr/s+Vl9uYGBgqihikoKqT8/OK83NS9ZwhNEghAwQwghQWAADROOumXQAAAA==[0mcompile-api:
    [mkdir] Created dir: /var/lib/jenkins/workspace/junit-test/target/classes/cloud-api.jar
     [echo] Compiling /var/lib/jenkins/workspace/junit-test/api/src
    [javac] Compiling 706 source files to /var/lib/jenkins/workspace/junit-test/target/classes/cloud-api.jar
    [javac] Note: Some input files use unchecked or unsafe operations.
    [javac] Note: Recompile with -Xlint:unchecked for details.
      [jar] Building jar: /var/lib/jenkins/workspace/junit-test/target/jar/cloud-api.jar

[8mha:AAAAYB+LCAAAAAAAAABb85aBtbiIQT6jNKU4P0+vJLE4u1gvPjGvRM8xryQksSg9tcQvvyTVvqNr/s+Vl9uYGBgqihikoKqT8/OK83NS9ZwhNEghAwQwghQWAADROOumXQAAAA==[0mcompile-vmware-base:
    [mkdir] Created dir: /var/lib/jenkins/workspace/junit-test/target/classes/cloud-vmware-base.jar
     [echo] Compiling /var/lib/jenkins/workspace/junit-test/vmware-base/src
    [javac] Compiling 35 source files to /var/lib/jenkins/workspace/junit-test/target/classes/cloud-vmware-base.jar
    [javac] Note: Some input files use or override a deprecated API.
    [javac] Note: Recompile with -Xlint:deprecation for details.
    [javac] Note: Some input files use unchecked or unsafe operations.
    [javac] Note: Recompile with -Xlint:unchecked for details.
      [jar] Building jar: /var/lib/jenkins/workspace/junit-test/target/jar/cloud-vmware-base.jar

[8mha:AAAAYB+LCAAAAAAAAABb85aBtbiIQT6jNKU4P0+vJLE4u1gvPjGvRM8xryQksSg9tcQvvyTVvqNr/s+Vl9uYGBgqihikoKqT8/OK83NS9ZwhNEghAwQwghQWAADROOumXQAAAA==[0mcompile-core:
    [mkdir] Created dir: /var/lib/jenkins/workspace/junit-test/target/classes/cloud-core.jar
     [echo] Compiling /var/lib/jenkins/workspace/junit-test/core/src
    [javac] Compiling 156 source files to /var/lib/jenkins/workspace/junit-test/target/classes/cloud-core.jar
    [javac] Note: Some input files use unchecked or unsafe operations.
    [javac] Note: Recompile with -Xlint:unchecked for details.
      [jar] Building jar: /var/lib/jenkins/workspace/junit-test/target/jar/cloud-core.jar

[8mha:AAAAYB+LCAAAAAAAAABb85aBtbiIQT6jNKU4P0+vJLE4u1gvPjGvRM8xryQksSg9tcQvvyTVvqNr/s+Vl9uYGBgqihikoKqT8/OK83NS9ZwhNEghAwQwghQWAADROOumXQAAAA==[0mcompile-agent:
    [mkdir] Created dir: /var/lib/jenkins/workspace/junit-test/target/classes/cloud-agent.jar
     [echo] Compiling /var/lib/jenkins/workspace/junit-test/agent/src
    [javac] Compiling 40 source files to /var/lib/jenkins/workspace/junit-test/target/classes/cloud-agent.jar
    [javac] Note: /var/lib/jenkins/workspace/junit-test/agent/src/com/cloud/agent/resource/computing/LibvirtVMDef.java uses unchecked or unsafe operations.
    [javac] Note: Recompile with -Xlint:unchecked for details.
      [jar] Building jar: /var/lib/jenkins/workspace/junit-test/target/jar/cloud-agent.jar

[8mha:AAAAYB+LCAAAAAAAAABb85aBtbiIQT6jNKU4P0+vJLE4u1gvPjGvRM8xryQksSg9tcQvvyTVvqNr/s+Vl9uYGBgqihikoKqT8/OK83NS9ZwhNEghAwQwghQWAADROOumXQAAAA==[0mcompile-server:
    [mkdir] Created dir: /var/lib/jenkins/workspace/junit-test/target/classes/cloud-server.jar
     [echo] Compiling /var/lib/jenkins/workspace/junit-test/server/src
    [javac] Compiling 738 source files to /var/lib/jenkins/workspace/junit-test/target/classes/cloud-server.jar
    [javac] Note: Some input files use or override a deprecated API.
    [javac] Note: Recompile with -Xlint:deprecation for details.
    [javac] Note: Some input files use unchecked or unsafe operations.
    [javac] Note: Recompile with -Xlint:unchecked for details.
      [jar] Building jar: /var/lib/jenkins/workspace/junit-test/target/jar/cloud-server.jar

[8mha:AAAAYB+LCAAAAAAAAABb85aBtbiIQT6jNKU4P0+vJLE4u1gvPjGvRM8xryQksSg9tcQvvyTVvqNr/s+Vl9uYGBgqihikoKqT8/OK83NS9ZwhNEghAwQwghQWAADROOumXQAAAA==[0mcompile-ovm:
     [echo] build.dir=/var/lib/jenkins/workspace/junit-test/build; top.dir=/var/lib/jenkins/workspace/junit-test; ovm.base.dir=/var/lib/jenkins/workspace/junit-test/plugins/hypervisors/ovm
     [echo] Using build parameters from /var/lib/jenkins/workspace/junit-test/build/build-cloud.properties
     [echo] Using company info from /var/lib/jenkins/workspace/junit-test/build/cloud.properties
     [echo] Using override file from /var/lib/jenkins/workspace/junit-test/build/replace.properties
     [echo] target.dir=/var/lib/jenkins/workspace/junit-test/target; top.dir=/var/lib/jenkins/workspace/junit-test
     [echo] target.dir=/var/lib/jenkins/workspace/junit-test/target; top.dir=/var/lib/jenkins/workspace/junit-test

[8mha:AAAAYB+LCAAAAAAAAABb85aBtbiIQT6jNKU4P0+vJLE4u1gvPjGvRM8xryQksSg9tcQvvyTVvqNr/s+Vl9uYGBgqihikoKqT8/OK83NS9ZwhNEghAwQwghQWAADROOumXQAAAA==[0minit:
    [mkdir] Created dir: /var/lib/jenkins/workspace/junit-test/target/classes/cloud-ovm.jar

[8mha:AAAAYB+LCAAAAAAAAABb85aBtbiIQT6jNKU4P0+vJLE4u1gvPjGvRM8xryQksSg9tcQvvyTVvqNr/s+Vl9uYGBgqihikoKqT8/OK83NS9ZwhNEghAwQwghQWAADROOumXQAAAA==[0mcompile-ovm:
     [echo] Compiling /var/lib/jenkins/workspace/junit-test/plugins/hypervisors/ovm/src
    [javac] Compiling 18 source files to /var/lib/jenkins/workspace/junit-test/target/classes/cloud-ovm.jar
    [javac] Note: /var/lib/jenkins/workspace/junit-test/plugins/hypervisors/ovm/src/com/cloud/ovm/object/OvmStoragePool.java uses unchecked or unsafe operations.
    [javac] Note: Recompile with -Xlint:unchecked for details.
      [jar] Building jar: /var/lib/jenkins/workspace/junit-test/target/jar/cloud-ovm.jar

[8mha:AAAAYB+LCAAAAAAAAABb85aBtbiIQT6jNKU4P0+vJLE4u1gvPjGvRM8xryQksSg9tcQvvyTVvqNr/s+Vl9uYGBgqihikoKqT8/OK83NS9ZwhNEghAwQwghQWAADROOumXQAAAA==[0mbuild:

[8mha:AAAAYB+LCAAAAAAAAABb85aBtbiIQT6jNKU4P0+vJLE4u1gvPjGvRM8xryQksSg9tcQvvyTVvqNr/s+Vl9uYGBgqihikoKqT8/OK83NS9ZwhNEghAwQwghQWAADROOumXQAAAA==[0mcompile-ovs:
     [echo] build.dir=/var/lib/jenkins/workspace/junit-test/build; top.dir=/var/lib/jenkins/workspace/junit-test; ovs.base.dir=/var/lib/jenkins/workspace/junit-test/plugins/network-elements/ovs
     [echo] Using build parameters from /var/lib/jenkins/workspace/junit-test/build/build-cloud.properties
     [echo] Using company info from /var/lib/jenkins/workspace/junit-test/build/cloud.properties
     [echo] Using override file from /var/lib/jenkins/workspace/junit-test/build/replace.properties
     [echo] target.dir=/var/lib/jenkins/workspace/junit-test/target; top.dir=/var/lib/jenkins/workspace/junit-test
     [echo] target.dir=/var/lib/jenkins/workspace/junit-test/target; top.dir=/var/lib/jenkins/workspace/junit-test

[8mha:AAAAYB+LCAAAAAAAAABb85aBtbiIQT6jNKU4P0+vJLE4u1gvPjGvRM8xryQksSg9tcQvvyTVvqNr/s+Vl9uYGBgqihikoKqT8/OK83NS9ZwhNEghAwQwghQWAADROOumXQAAAA==[0minit:
    [mkdir] Created dir: /var/lib/jenkins/workspace/junit-test/target/classes/cloud-plugin-ovs.jar

[8mha:AAAAYB+LCAAAAAAAAABb85aBtbiIQT6jNKU4P0+vJLE4u1gvPjGvRM8xryQksSg9tcQvvyTVvqNr/s+Vl9uYGBgqihikoKqT8/OK83NS9ZwhNEghAwQwghQWAADROOumXQAAAA==[0mcompile-ovs:
     [echo] Compiling /var/lib/jenkins/workspace/junit-test/plugins/network-elements/ovs/src
    [javac] Compiling 23 source files to /var/lib/jenkins/workspace/junit-test/target/classes/cloud-plugin-ovs.jar
      [jar] Building jar: /var/lib/jenkins/workspace/junit-test/target/jar/cloud-plugin-ovs.jar

[8mha:AAAAYB+LCAAAAAAAAABb85aBtbiIQT6jNKU4P0+vJLE4u1gvPjGvRM8xryQksSg9tcQvvyTVvqNr/s+Vl9uYGBgqihikoKqT8/OK83NS9ZwhNEghAwQwghQWAADROOumXQAAAA==[0mbuild:

[8mha:AAAAYB+LCAAAAAAAAABb85aBtbiIQT6jNKU4P0+vJLE4u1gvPjGvRM8xryQksSg9tcQvvyTVvqNr/s+Vl9uYGBgqihikoKqT8/OK83NS9ZwhNEghAwQwghQWAADROOumXQAAAA==[0mcompile-xen:
     [echo] build.dir=/var/lib/jenkins/workspace/junit-test/build; top.dir=/var/lib/jenkins/workspace/junit-test; xen.base.dir=/var/lib/jenkins/workspace/junit-test/plugins/hypervisors/xen
     [echo] Using build parameters from /var/lib/jenkins/workspace/junit-test/build/build-cloud.properties
     [echo] Using company info from /var/lib/jenkins/workspace/junit-test/build/cloud.properties
     [echo] Using override file from /var/lib/jenkins/workspace/junit-test/build/replace.properties
     [echo] target.dir=/var/lib/jenkins/workspace/junit-test/target; top.dir=/var/lib/jenkins/workspace/junit-test
     [echo] target.dir=/var/lib/jenkins/workspace/junit-test/target; top.dir=/var/lib/jenkins/workspace/junit-test

[8mha:AAAAYB+LCAAAAAAAAABb85aBtbiIQT6jNKU4P0+vJLE4u1gvPjGvRM8xryQksSg9tcQvvyTVvqNr/s+Vl9uYGBgqihikoKqT8/OK83NS9ZwhNEghAwQwghQWAADROOumXQAAAA==[0minit:
    [mkdir] Created dir: /var/lib/jenkins/workspace/junit-test/target/classes/cloud-xen.jar

[8mha:AAAAYB+LCAAAAAAAAABb85aBtbiIQT6jNKU4P0+vJLE4u1gvPjGvRM8xryQksSg9tcQvvyTVvqNr/s+Vl9uYGBgqihikoKqT8/OK83NS9ZwhNEghAwQwghQWAADROOumXQAAAA==[0mcompile-xen:
     [echo] Compiling /var/lib/jenkins/workspace/junit-test/plugins/hypervisors/xen/src
    [javac] Compiling 14 source files to /var/lib/jenkins/workspace/junit-test/target/classes/cloud-xen.jar
      [jar] Building jar: /var/lib/jenkins/workspace/junit-test/target/jar/cloud-xen.jar

[8mha:AAAAYB+LCAAAAAAAAABb85aBtbiIQT6jNKU4P0+vJLE4u1gvPjGvRM8xryQksSg9tcQvvyTVvqNr/s+Vl9uYGBgqihikoKqT8/OK83NS9ZwhNEghAwQwghQWAADROOumXQAAAA==[0mbuild:

[8mha:AAAAYB+LCAAAAAAAAABb85aBtbiIQT6jNKU4P0+vJLE4u1gvPjGvRM8xryQksSg9tcQvvyTVvqNr/s+Vl9uYGBgqihikoKqT8/OK83NS9ZwhNEghAwQwghQWAADROOumXQAAAA==[0mcompile-vmware:
     [echo] build.dir=/var/lib/jenkins/workspace/junit-test/build; top.dir=/var/lib/jenkins/workspace/junit-test; vmware.base.dir=/var/lib/jenkins/workspace/junit-test/plugins/hypervisors/vmware
     [echo] Using build parameters from /var/lib/jenkins/workspace/junit-test/build/build-cloud.properties
     [echo] Using company info from /var/lib/jenkins/workspace/junit-test/build/cloud.properties
     [echo] Using override file from /var/lib/jenkins/workspace/junit-test/build/replace.properties
     [echo] target.dir=/var/lib/jenkins/workspace/junit-test/target; top.dir=/var/lib/jenkins/workspace/junit-test
     [echo] target.dir=/var/lib/jenkins/workspace/junit-test/target; top.dir=/var/lib/jenkins/workspace/junit-test

[8mha:AAAAYB+LCAAAAAAAAABb85aBtbiIQT6jNKU4P0+vJLE4u1gvPjGvRM8xryQksSg9tcQvvyTVvqNr/s+Vl9uYGBgqihikoKqT8/OK83NS9ZwhNEghAwQwghQWAADROOumXQAAAA==[0minit:
    [mkdir] Created dir: /var/lib/jenkins/workspace/junit-test/target/classes/cloud-vmware.jar

[8mha:AAAAYB+LCAAAAAAAAABb85aBtbiIQT6jNKU4P0+vJLE4u1gvPjGvRM8xryQksSg9tcQvvyTVvqNr/s+Vl9uYGBgqihikoKqT8/OK83NS9ZwhNEghAwQwghQWAADROOumXQAAAA==[0mcompile-vmware:
     [echo] Compiling /var/lib/jenkins/workspace/junit-test/plugins/hypervisors/vmware/src
    [javac] Compiling 28 source files to /var/lib/jenkins/workspace/junit-test/target/classes/cloud-vmware.jar
    [javac] Note: Some input files use or override a deprecated API.
    [javac] Note: Recompile with -Xlint:deprecation for details.
    [javac] Note: /var/lib/jenkins/workspace/junit-test/plugins/hypervisors/vmware/src/com/cloud/hypervisor/vmware/resource/VmwareResource.java uses unchecked or unsafe operations.
    [javac] Note: Recompile with -Xlint:unchecked for details.
      [jar] Building jar: /var/lib/jenkins/workspace/junit-test/target/jar/cloud-vmware.jar

[8mha:AAAAYB+LCAAAAAAAAABb85aBtbiIQT6jNKU4P0+vJLE4u1gvPjGvRM8xryQksSg9tcQvvyTVvqNr/s+Vl9uYGBgqihikoKqT8/OK83NS9ZwhNEghAwQwghQWAADROOumXQAAAA==[0mbuild:

[8mha:AAAAYB+LCAAAAAAAAABb85aBtbiIQT6jNKU4P0+vJLE4u1gvPjGvRM8xryQksSg9tcQvvyTVvqNr/s+Vl9uYGBgqihikoKqT8/OK83NS9ZwhNEghAwQwghQWAADROOumXQAAAA==[0mcompile-hypervisors:

[8mha:AAAAYB+LCAAAAAAAAABb85aBtbiIQT6jNKU4P0+vJLE4u1gvPjGvRM8xryQksSg9tcQvvyTVvqNr/s+Vl9uYGBgqihikoKqT8/OK83NS9ZwhNEghAwQwghQWAADROOumXQAAAA==[0mcompile-dp-user-dispersing:
     [echo] build.dir=/var/lib/jenkins/workspace/junit-test/build; top.dir=/var/lib/jenkins/workspace/junit-test; dp-user-dispersing.base.dir=/var/lib/jenkins/workspace/junit-test/plugins/deployment-planners/user-dispersing
     [echo] Using build parameters from /var/lib/jenkins/workspace/junit-test/build/build-cloud.properties
     [echo] Using company info from /var/lib/jenkins/workspace/junit-test/build/cloud.properties
     [echo] Using override file from /var/lib/jenkins/workspace/junit-test/build/replace.properties
     [echo] target.dir=/var/lib/jenkins/workspace/junit-test/target; top.dir=/var/lib/jenkins/workspace/junit-test
     [echo] target.dir=/var/lib/jenkins/workspace/junit-test/target; top.dir=/var/lib/jenkins/workspace/junit-test

[8mha:AAAAYB+LCAAAAAAAAABb85aBtbiIQT6jNKU4P0+vJLE4u1gvPjGvRM8xryQksSg9tcQvvyTVvqNr/s+Vl9uYGBgqihikoKqT8/OK83NS9ZwhNEghAwQwghQWAADROOumXQAAAA==[0minit:
    [mkdir] Created dir: /var/lib/jenkins/workspace/junit-test/target/classes/cloud-dp-user-dispersing.jar

[8mha:AAAAYB+LCAAAAAAAAABb85aBtbiIQT6jNKU4P0+vJLE4u1gvPjGvRM8xryQksSg9tcQvvyTVvqNr/s+Vl9uYGBgqihikoKqT8/OK83NS9ZwhNEghAwQwghQWAADROOumXQAAAA==[0mcompile-dp-user-dispersing:
     [echo] Compiling /var/lib/jenkins/workspace/junit-test/plugins/deployment-planners/user-dispersing/src
    [javac] Compiling 1 source file to /var/lib/jenkins/workspace/junit-test/target/classes/cloud-dp-user-dispersing.jar
      [jar] Building jar: /var/lib/jenkins/workspace/junit-test/target/jar/cloud-dp-user-dispersing.jar

[8mha:AAAAYB+LCAAAAAAAAABb85aBtbiIQT6jNKU4P0+vJLE4u1gvPjGvRM8xryQksSg9tcQvvyTVvqNr/s+Vl9uYGBgqihikoKqT8/OK83NS9ZwhNEghAwQwghQWAADROOumXQAAAA==[0mbuild:

[8mha:AAAAYB+LCAAAAAAAAABb85aBtbiIQT6jNKU4P0+vJLE4u1gvPjGvRM8xryQksSg9tcQvvyTVvqNr/s+Vl9uYGBgqihikoKqT8/OK83NS9ZwhNEghAwQwghQWAADROOumXQAAAA==[0mcompile-dp-user-concentrated-pod:
     [echo] build.dir=/var/lib/jenkins/workspace/junit-test/build; top.dir=/var/lib/jenkins/workspace/junit-test; dp-user-concentrated-pod.base.dir=/var/lib/jenkins/workspace/junit-test/plugins/deployment-planners/user-concentrated-pod
     [echo] Using build parameters from /var/lib/jenkins/workspace/junit-test/build/build-cloud.properties
     [echo] Using company info from /var/lib/jenkins/workspace/junit-test/build/cloud.properties
     [echo] Using override file from /var/lib/jenkins/workspace/junit-test/build/replace.properties
     [echo] target.dir=/var/lib/jenkins/workspace/junit-test/target; top.dir=/var/lib/jenkins/workspace/junit-test
     [echo] target.dir=/var/lib/jenkins/workspace/junit-test/target; top.dir=/var/lib/jenkins/workspace/junit-test

[8mha:AAAAYB+LCAAAAAAAAABb85aBtbiIQT6jNKU4P0+vJLE4u1gvPjGvRM8xryQksSg9tcQvvyTVvqNr/s+Vl9uYGBgqihikoKqT8/OK83NS9ZwhNEghAwQwghQWAADROOumXQAAAA==[0minit:
    [mkdir] Created dir: /var/lib/jenkins/workspace/junit-test/target/classes/${user-concentrated-pod.jar}

[8mha:AAAAYB+LCAAAAAAAAABb85aBtbiIQT6jNKU4P0+vJLE4u1gvPjGvRM8xryQksSg9tcQvvyTVvqNr/s+Vl9uYGBgqihikoKqT8/OK83NS9ZwhNEghAwQwghQWAADROOumXQAAAA==[0mcompile-dp-user-concentrated-pod:
    [mkdir] Created dir: /var/lib/jenkins/workspace/junit-test/target/classes/cloud-dp-user-concentrated-pod.jar
     [echo] Compiling /var/lib/jenkins/workspace/junit-test/plugins/deployment-planners/user-concentrated-pod/src
    [javac] Compiling 1 source file to /var/lib/jenkins/workspace/junit-test/target/classes/cloud-dp-user-concentrated-pod.jar
      [jar] Building jar: /var/lib/jenkins/workspace/junit-test/target/jar/cloud-dp-user-concentrated-pod.jar

[8mha:AAAAYB+LCAAAAAAAAABb85aBtbiIQT6jNKU4P0+vJLE4u1gvPjGvRM8xryQksSg9tcQvvyTVvqNr/s+Vl9uYGBgqihikoKqT8/OK83NS9ZwhNEghAwQwghQWAADROOumXQAAAA==[0mbuild:

[8mha:AAAAYB+LCAAAAAAAAABb85aBtbiIQT6jNKU4P0+vJLE4u1gvPjGvRM8xryQksSg9tcQvvyTVvqNr/s+Vl9uYGBgqihikoKqT8/OK83NS9ZwhNEghAwQwghQWAADROOumXQAAAA==[0mcompile-deployment-planners:

[8mha:AAAAYB+LCAAAAAAAAABb85aBtbiIQT6jNKU4P0+vJLE4u1gvPjGvRM8xryQksSg9tcQvvyTVvqNr/s+Vl9uYGBgqihikoKqT8/OK83NS9ZwhNEghAwQwghQWAADROOumXQAAAA==[0mcompile-host-allocator-random:
     [echo] build.dir=/var/lib/jenkins/workspace/junit-test/build; top.dir=/var/lib/jenkins/workspace/junit-test; host-allocator-random.base.dir=/var/lib/jenkins/workspace/junit-test/plugins/host-allocators/random
     [echo] Using build parameters from /var/lib/jenkins/workspace/junit-test/build/build-cloud.properties
     [echo] Using company info from /var/lib/jenkins/workspace/junit-test/build/cloud.properties
     [echo] Using override file from /var/lib/jenkins/workspace/junit-test/build/replace.properties
     [echo] target.dir=/var/lib/jenkins/workspace/junit-test/target; top.dir=/var/lib/jenkins/workspace/junit-test
     [echo] target.dir=/var/lib/jenkins/workspace/junit-test/target; top.dir=/var/lib/jenkins/workspace/junit-test

[8mha:AAAAYB+LCAAAAAAAAABb85aBtbiIQT6jNKU4P0+vJLE4u1gvPjGvRM8xryQksSg9tcQvvyTVvqNr/s+Vl9uYGBgqihikoKqT8/OK83NS9ZwhNEghAwQwghQWAADROOumXQAAAA==[0minit:
    [mkdir] Created dir: /var/lib/jenkins/workspace/junit-test/target/classes/cloud-host-allocator-random.jar

[8mha:AAAAYB+LCAAAAAAAAABb85aBtbiIQT6jNKU4P0+vJLE4u1gvPjGvRM8xryQksSg9tcQvvyTVvqNr/s+Vl9uYGBgqihikoKqT8/OK83NS9ZwhNEghAwQwghQWAADROOumXQAAAA==[0mcompile-host-allocator-random:
     [echo] Compiling /var/lib/jenkins/workspace/junit-test/plugins/host-allocators/random/src
    [javac] Compiling 1 source file to /var/lib/jenkins/workspace/junit-test/target/classes/cloud-host-allocator-random.jar
      [jar] Building jar: /var/lib/jenkins/workspace/junit-test/target/jar/cloud-host-allocator-random.jar

[8mha:AAAAYB+LCAAAAAAAAABb85aBtbiIQT6jNKU4P0+vJLE4u1gvPjGvRM8xryQksSg9tcQvvyTVvqNr/s+Vl9uYGBgqihikoKqT8/OK83NS9ZwhNEghAwQwghQWAADROOumXQAAAA==[0mbuild:

[8mha:AAAAYB+LCAAAAAAAAABb85aBtbiIQT6jNKU4P0+vJLE4u1gvPjGvRM8xryQksSg9tcQvvyTVvqNr/s+Vl9uYGBgqihikoKqT8/OK83NS9ZwhNEghAwQwghQWAADROOumXQAAAA==[0mcompile-host-allocators:

[8mha:AAAAYB+LCAAAAAAAAABb85aBtbiIQT6jNKU4P0+vJLE4u1gvPjGvRM8xryQksSg9tcQvvyTVvqNr/s+Vl9uYGBgqihikoKqT8/OK83NS9ZwhNEghAwQwghQWAADROOumXQAAAA==[0mcompile-netscaler:
     [echo] build.dir=/var/lib/jenkins/workspace/junit-test/build; top.dir=/var/lib/jenkins/workspace/junit-test; netscaler.base.dir=/var/lib/jenkins/workspace/junit-test/plugins/network-elements/netscaler
     [echo] Using build parameters from /var/lib/jenkins/workspace/junit-test/build/build-cloud.properties
     [echo] Using company info from /var/lib/jenkins/workspace/junit-test/build/cloud.properties
     [echo] Using override file from /var/lib/jenkins/workspace/junit-test/build/replace.properties
     [echo] target.dir=/var/lib/jenkins/workspace/junit-test/target; top.dir=/var/lib/jenkins/workspace/junit-test
     [echo] target.dir=/var/lib/jenkins/workspace/junit-test/target; top.dir=/var/lib/jenkins/workspace/junit-test

[8mha:AAAAYB+LCAAAAAAAAABb85aBtbiIQT6jNKU4P0+vJLE4u1gvPjGvRM8xryQksSg9tcQvvyTVvqNr/s+Vl9uYGBgqihikoKqT8/OK83NS9ZwhNEghAwQwghQWAADROOumXQAAAA==[0minit:
    [mkdir] Created dir: /var/lib/jenkins/workspace/junit-test/target/classes/cloud-plugin-netscaler.jar

[8mha:AAAAYB+LCAAAAAAAAABb85aBtbiIQT6jNKU4P0+vJLE4u1gvPjGvRM8xryQksSg9tcQvvyTVvqNr/s+Vl9uYGBgqihikoKqT8/OK83NS9ZwhNEghAwQwghQWAADROOumXQAAAA==[0mcompile-netscaler:
     [echo] Compiling /var/lib/jenkins/workspace/junit-test/plugins/network-elements/netscaler/src
    [javac] Compiling 12 source files to /var/lib/jenkins/workspace/junit-test/target/classes/cloud-plugin-netscaler.jar
      [jar] Building jar: /var/lib/jenkins/workspace/junit-test/target/jar/cloud-plugin-netscaler.jar

[8mha:AAAAYB+LCAAAAAAAAABb85aBtbiIQT6jNKU4P0+vJLE4u1gvPjGvRM8xryQksSg9tcQvvyTVvqNr/s+Vl9uYGBgqihikoKqT8/OK83NS9ZwhNEghAwQwghQWAADROOumXQAAAA==[0mbuild:

[8mha:AAAAYB+LCAAAAAAAAABb85aBtbiIQT6jNKU4P0+vJLE4u1gvPjGvRM8xryQksSg9tcQvvyTVvqNr/s+Vl9uYGBgqihikoKqT8/OK83NS9ZwhNEghAwQwghQWAADROOumXQAAAA==[0mcompile-f5:
     [echo] build.dir=/var/lib/jenkins/workspace/junit-test/build; top.dir=/var/lib/jenkins/workspace/junit-test; f5.base.dir=/var/lib/jenkins/workspace/junit-test/plugins/network-elements/f5
     [echo] Using build parameters from /var/lib/jenkins/workspace/junit-test/build/build-cloud.properties
     [echo] Using company info from /var/lib/jenkins/workspace/junit-test/build/cloud.properties
     [echo] Using override file from /var/lib/jenkins/workspace/junit-test/build/replace.properties
     [echo] target.dir=/var/lib/jenkins/workspace/junit-test/target; top.dir=/var/lib/jenkins/workspace/junit-test
     [echo] target.dir=/var/lib/jenkins/workspace/junit-test/target; top.dir=/var/lib/jenkins/workspace/junit-test

[8mha:AAAAYB+LCAAAAAAAAABb85aBtbiIQT6jNKU4P0+vJLE4u1gvPjGvRM8xryQksSg9tcQvvyTVvqNr/s+Vl9uYGBgqihikoKqT8/OK83NS9ZwhNEghAwQwghQWAADROOumXQAAAA==[0minit:
    [mkdir] Created dir: /var/lib/jenkins/workspace/junit-test/target/classes/cloud-plugin-f5.jar

[8mha:AAAAYB+LCAAAAAAAAABb85aBtbiIQT6jNKU4P0+vJLE4u1gvPjGvRM8xryQksSg9tcQvvyTVvqNr/s+Vl9uYGBgqihikoKqT8/OK83NS9ZwhNEghAwQwghQWAADROOumXQAAAA==[0mcompile-f5:
     [echo] Compiling /var/lib/jenkins/workspace/junit-test/plugins/network-elements/f5/src
    [javac] Compiling 12 source files to /var/lib/jenkins/workspace/junit-test/target/classes/cloud-plugin-f5.jar
    [javac] Note: Some input files use or override a deprecated API.
    [javac] Note: Recompile with -Xlint:deprecation for details.
      [jar] Building jar: /var/lib/jenkins/workspace/junit-test/target/jar/cloud-plugin-f5.jar

[8mha:AAAAYB+LCAAAAAAAAABb85aBtbiIQT6jNKU4P0+vJLE4u1gvPjGvRM8xryQksSg9tcQvvyTVvqNr/s+Vl9uYGBgqihikoKqT8/OK83NS9ZwhNEghAwQwghQWAADROOumXQAAAA==[0mbuild:

[8mha:AAAAYB+LCAAAAAAAAABb85aBtbiIQT6jNKU4P0+vJLE4u1gvPjGvRM8xryQksSg9tcQvvyTVvqNr/s+Vl9uYGBgqihikoKqT8/OK83NS9ZwhNEghAwQwghQWAADROOumXQAAAA==[0mcompile-srx:
     [echo] build.dir=/var/lib/jenkins/workspace/junit-test/build; top.dir=/var/lib/jenkins/workspace/junit-test; srx.base.dir=/var/lib/jenkins/workspace/junit-test/plugins/network-elements/juniper-srx
     [echo] Using build parameters from /var/lib/jenkins/workspace/junit-test/build/build-cloud.properties
     [echo] Using company info from /var/lib/jenkins/workspace/junit-test/build/cloud.properties
     [echo] Using override file from /var/lib/jenkins/workspace/junit-test/build/replace.properties
     [echo] target.dir=/var/lib/jenkins/workspace/junit-test/target; top.dir=/var/lib/jenkins/workspace/junit-test
     [echo] target.dir=/var/lib/jenkins/workspace/junit-test/target; top.dir=/var/lib/jenkins/workspace/junit-test

[8mha:AAAAYB+LCAAAAAAAAABb85aBtbiIQT6jNKU4P0+vJLE4u1gvPjGvRM8xryQksSg9tcQvvyTVvqNr/s+Vl9uYGBgqihikoKqT8/OK83NS9ZwhNEghAwQwghQWAADROOumXQAAAA==[0minit:
    [mkdir] Created dir: /var/lib/jenkins/workspace/junit-test/target/classes/cloud-plugin-srx.jar

[8mha:AAAAYB+LCAAAAAAAAABb85aBtbiIQT6jNKU4P0+vJLE4u1gvPjGvRM8xryQksSg9tcQvvyTVvqNr/s+Vl9uYGBgqihikoKqT8/OK83NS9ZwhNEghAwQwghQWAADROOumXQAAAA==[0mcompile-srx:
     [echo] Compiling /var/lib/jenkins/workspace/junit-test/plugins/network-elements/juniper-srx/src
    [javac] Compiling 12 source files to /var/lib/jenkins/workspace/junit-test/target/classes/cloud-plugin-srx.jar
    [javac] Note: /var/lib/jenkins/workspace/junit-test/plugins/network-elements/juniper-srx/src/com/cloud/network/element/JuniperSRXExternalFirewallElement.java uses or overrides a deprecated API.
    [javac] Note: Recompile with -Xlint:deprecation for details.
      [jar] Building jar: /var/lib/jenkins/workspace/junit-test/target/jar/cloud-plugin-srx.jar

[8mha:AAAAYB+LCAAAAAAAAABb85aBtbiIQT6jNKU4P0+vJLE4u1gvPjGvRM8xryQksSg9tcQvvyTVvqNr/s+Vl9uYGBgqihikoKqT8/OK83NS9ZwhNEghAwQwghQWAADROOumXQAAAA==[0mbuild:

[8mha:AAAAYB+LCAAAAAAAAABb85aBtbiIQT6jNKU4P0+vJLE4u1gvPjGvRM8xryQksSg9tcQvvyTVvqNr/s+Vl9uYGBgqihikoKqT8/OK83NS9ZwhNEghAwQwghQWAADROOumXQAAAA==[0mcompile-elb:
     [echo] build.dir=/var/lib/jenkins/workspace/junit-test/build; top.dir=/var/lib/jenkins/workspace/junit-test; elb.base.dir=/var/lib/jenkins/workspace/junit-test/plugins/network-elements/elastic-loadbalancer
     [echo] Using build parameters from /var/lib/jenkins/workspace/junit-test/build/build-cloud.properties
     [echo] Using company info from /var/lib/jenkins/workspace/junit-test/build/cloud.properties
     [echo] Using override file from /var/lib/jenkins/workspace/junit-test/build/replace.properties
     [echo] target.dir=/var/lib/jenkins/workspace/junit-test/target; top.dir=/var/lib/jenkins/workspace/junit-test
     [echo] target.dir=/var/lib/jenkins/workspace/junit-test/target; top.dir=/var/lib/jenkins/workspace/junit-test

[8mha:AAAAYB+LCAAAAAAAAABb85aBtbiIQT6jNKU4P0+vJLE4u1gvPjGvRM8xryQksSg9tcQvvyTVvqNr/s+Vl9uYGBgqihikoKqT8/OK83NS9ZwhNEghAwQwghQWAADROOumXQAAAA==[0minit:
    [mkdir] Created dir: /var/lib/jenkins/workspace/junit-test/target/classes/cloud-plugin-elb.jar

[8mha:AAAAYB+LCAAAAAAAAABb85aBtbiIQT6jNKU4P0+vJLE4u1gvPjGvRM8xryQksSg9tcQvvyTVvqNr/s+Vl9uYGBgqihikoKqT8/OK83NS9ZwhNEghAwQwghQWAADROOumXQAAAA==[0mcompile-elb:
     [echo] Compiling /var/lib/jenkins/workspace/junit-test/plugins/network-elements/elastic-loadbalancer/src
    [javac] Compiling 6 source files to /var/lib/jenkins/workspace/junit-test/target/classes/cloud-plugin-elb.jar
      [jar] Building jar: /var/lib/jenkins/workspace/junit-test/target/jar/cloud-plugin-elb.jar

[8mha:AAAAYB+LCAAAAAAAAABb85aBtbiIQT6jNKU4P0+vJLE4u1gvPjGvRM8xryQksSg9tcQvvyTVvqNr/s+Vl9uYGBgqihikoKqT8/OK83NS9ZwhNEghAwQwghQWAADROOumXQAAAA==[0mbuild:

[8mha:AAAAYB+LCAAAAAAAAABb85aBtbiIQT6jNKU4P0+vJLE4u1gvPjGvRM8xryQksSg9tcQvvyTVvqNr/s+Vl9uYGBgqihikoKqT8/OK83NS9ZwhNEghAwQwghQWAADROOumXQAAAA==[0mcompile-network-elements:

[8mha:AAAAYB+LCAAAAAAAAABb85aBtbiIQT6jNKU4P0+vJLE4u1gvPjGvRM8xryQksSg9tcQvvyTVvqNr/s+Vl9uYGBgqihikoKqT8/OK83NS9ZwhNEghAwQwghQWAADROOumXQAAAA==[0mcompile-user-authenticator-ldap:
     [echo] build.dir=/var/lib/jenkins/workspace/junit-test/build; top.dir=/var/lib/jenkins/workspace/junit-test; user-authenticator-ldap.base.dir=/var/lib/jenkins/workspace/junit-test/plugins/user-authenticators/ldap
     [echo] Using build parameters from /var/lib/jenkins/workspace/junit-test/build/build-cloud.properties
     [echo] Using company info from /var/lib/jenkins/workspace/junit-test/build/cloud.properties
     [echo] Using override file from /var/lib/jenkins/workspace/junit-test/build/replace.properties
     [echo] target.dir=/var/lib/jenkins/workspace/junit-test/target; top.dir=/var/lib/jenkins/workspace/junit-test
     [echo] target.dir=/var/lib/jenkins/workspace/junit-test/target; top.dir=/var/lib/jenkins/workspace/junit-test

[8mha:AAAAYB+LCAAAAAAAAABb85aBtbiIQT6jNKU4P0+vJLE4u1gvPjGvRM8xryQksSg9tcQvvyTVvqNr/s+Vl9uYGBgqihikoKqT8/OK83NS9ZwhNEghAwQwghQWAADROOumXQAAAA==[0minit:
    [mkdir] Created dir: /var/lib/jenkins/workspace/junit-test/target/classes/cloud-user-authenticator-ldap.jar

[8mha:AAAAYB+LCAAAAAAAAABb85aBtbiIQT6jNKU4P0+vJLE4u1gvPjGvRM8xryQksSg9tcQvvyTVvqNr/s+Vl9uYGBgqihikoKqT8/OK83NS9ZwhNEghAwQwghQWAADROOumXQAAAA==[0mcompile-user-authenticator-ldap:
     [echo] Compiling /var/lib/jenkins/workspace/junit-test/plugins/user-authenticators/ldap/src
    [javac] Compiling 1 source file to /var/lib/jenkins/workspace/junit-test/target/classes/cloud-user-authenticator-ldap.jar
      [jar] Building jar: /var/lib/jenkins/workspace/junit-test/target/jar/cloud-user-authenticator-ldap.jar

[8mha:AAAAYB+LCAAAAAAAAABb85aBtbiIQT6jNKU4P0+vJLE4u1gvPjGvRM8xryQksSg9tcQvvyTVvqNr/s+Vl9uYGBgqihikoKqT8/OK83NS9ZwhNEghAwQwghQWAADROOumXQAAAA==[0mbuild:

[8mha:AAAAYB+LCAAAAAAAAABb85aBtbiIQT6jNKU4P0+vJLE4u1gvPjGvRM8xryQksSg9tcQvvyTVvqNr/s+Vl9uYGBgqihikoKqT8/OK83NS9ZwhNEghAwQwghQWAADROOumXQAAAA==[0mcompile-user-authenticator-md5:
     [echo] build.dir=/var/lib/jenkins/workspace/junit-test/build; top.dir=/var/lib/jenkins/workspace/junit-test; user-authenticator-md5.base.dir=/var/lib/jenkins/workspace/junit-test/plugins/user-authenticators/md5
     [echo] Using build parameters from /var/lib/jenkins/workspace/junit-test/build/build-cloud.properties
     [echo] Using company info from /var/lib/jenkins/workspace/junit-test/build/cloud.properties
     [echo] Using override file from /var/lib/jenkins/workspace/junit-test/build/replace.properties
     [echo] target.dir=/var/lib/jenkins/workspace/junit-test/target; top.dir=/var/lib/jenkins/workspace/junit-test
     [echo] target.dir=/var/lib/jenkins/workspace/junit-test/target; top.dir=/var/lib/jenkins/workspace/junit-test

[8mha:AAAAYB+LCAAAAAAAAABb85aBtbiIQT6jNKU4P0+vJLE4u1gvPjGvRM8xryQksSg9tcQvvyTVvqNr/s+Vl9uYGBgqihikoKqT8/OK83NS9ZwhNEghAwQwghQWAADROOumXQAAAA==[0minit:
    [mkdir] Created dir: /var/lib/jenkins/workspace/junit-test/target/classes/cloud-user-authenticator-md5.jar

[8mha:AAAAYB+LCAAAAAAAAABb85aBtbiIQT6jNKU4P0+vJLE4u1gvPjGvRM8xryQksSg9tcQvvyTVvqNr/s+Vl9uYGBgqihikoKqT8/OK83NS9ZwhNEghAwQwghQWAADROOumXQAAAA==[0mcompile-user-authenticator-md5:
     [echo] Compiling /var/lib/jenkins/workspace/junit-test/plugins/user-authenticators/md5/src
    [javac] Compiling 1 source file to /var/lib/jenkins/workspace/junit-test/target/classes/cloud-user-authenticator-md5.jar
      [jar] Building jar: /var/lib/jenkins/workspace/junit-test/target/jar/cloud-user-authenticator-md5.jar

[8mha:AAAAYB+LCAAAAAAAAABb85aBtbiIQT6jNKU4P0+vJLE4u1gvPjGvRM8xryQksSg9tcQvvyTVvqNr/s+Vl9uYGBgqihikoKqT8/OK83NS9ZwhNEghAwQwghQWAADROOumXQAAAA==[0mbuild:

[8mha:AAAAYB+LCAAAAAAAAABb85aBtbiIQT6jNKU4P0+vJLE4u1gvPjGvRM8xryQksSg9tcQvvyTVvqNr/s+Vl9uYGBgqihikoKqT8/OK83NS9ZwhNEghAwQwghQWAADROOumXQAAAA==[0mcompile-user-authenticator-plaintext:
     [echo] build.dir=/var/lib/jenkins/workspace/junit-test/build; top.dir=/var/lib/jenkins/workspace/junit-test; user-authenticator-plaintext.base.dir=/var/lib/jenkins/workspace/junit-test/plugins/user-authenticators/plain-text
     [echo] Using build parameters from /var/lib/jenkins/workspace/junit-test/build/build-cloud.properties
     [echo] Using company info from /var/lib/jenkins/workspace/junit-test/build/cloud.properties
     [echo] Using override file from /var/lib/jenkins/workspace/junit-test/build/replace.properties
     [echo] target.dir=/var/lib/jenkins/workspace/junit-test/target; top.dir=/var/lib/jenkins/workspace/junit-test
     [echo] target.dir=/var/lib/jenkins/workspace/junit-test/target; top.dir=/var/lib/jenkins/workspace/junit-test

[8mha:AAAAYB+LCAAAAAAAAABb85aBtbiIQT6jNKU4P0+vJLE4u1gvPjGvRM8xryQksSg9tcQvvyTVvqNr/s+Vl9uYGBgqihikoKqT8/OK83NS9ZwhNEghAwQwghQWAADROOumXQAAAA==[0minit:
    [mkdir] Created dir: /var/lib/jenkins/workspace/junit-test/target/classes/cloud-user-authenticator-plaintext.jar

[8mha:AAAAYB+LCAAAAAAAAABb85aBtbiIQT6jNKU4P0+vJLE4u1gvPjGvRM8xryQksSg9tcQvvyTVvqNr/s+Vl9uYGBgqihikoKqT8/OK83NS9ZwhNEghAwQwghQWAADROOumXQAAAA==[0mcompile-user-authenticator-plaintext:
     [echo] Compiling /var/lib/jenkins/workspace/junit-test/plugins/user-authenticators/plain-text/src
    [javac] Compiling 1 source file to /var/lib/jenkins/workspace/junit-test/target/classes/cloud-user-authenticator-plaintext.jar
      [jar] Building jar: /var/lib/jenkins/workspace/junit-test/target/jar/cloud-user-authenticator-plaintext.jar

[8mha:AAAAYB+LCAAAAAAAAABb85aBtbiIQT6jNKU4P0+vJLE4u1gvPjGvRM8xryQksSg9tcQvvyTVvqNr/s+Vl9uYGBgqihikoKqT8/OK83NS9ZwhNEghAwQwghQWAADROOumXQAAAA==[0mbuild:

[8mha:AAAAYB+LCAAAAAAAAABb85aBtbiIQT6jNKU4P0+vJLE4u1gvPjGvRM8xryQksSg9tcQvvyTVvqNr/s+Vl9uYGBgqihikoKqT8/OK83NS9ZwhNEghAwQwghQWAADROOumXQAAAA==[0mcompile-user-authenticators:

[8mha:AAAAYB+LCAAAAAAAAABb85aBtbiIQT6jNKU4P0+vJLE4u1gvPjGvRM8xryQksSg9tcQvvyTVvqNr/s+Vl9uYGBgqihikoKqT8/OK83NS9ZwhNEghAwQwghQWAADROOumXQAAAA==[0mcompile-storage-allocator-random:
     [echo] build.dir=/var/lib/jenkins/workspace/junit-test/build; top.dir=/var/lib/jenkins/workspace/junit-test; storage-allocator-random.base.dir=/var/lib/jenkins/workspace/junit-test/plugins/storage-allocators/random
     [echo] Using build parameters from /var/lib/jenkins/workspace/junit-test/build/build-cloud.properties
     [echo] Using company info from /var/lib/jenkins/workspace/junit-test/build/cloud.properties
     [echo] Using override file from /var/lib/jenkins/workspace/junit-test/build/replace.properties
     [echo] target.dir=/var/lib/jenkins/workspace/junit-test/target; top.dir=/var/lib/jenkins/workspace/junit-test
     [echo] target.dir=/var/lib/jenkins/workspace/junit-test/target; top.dir=/var/lib/jenkins/workspace/junit-test

[8mha:AAAAYB+LCAAAAAAAAABb85aBtbiIQT6jNKU4P0+vJLE4u1gvPjGvRM8xryQksSg9tcQvvyTVvqNr/s+Vl9uYGBgqihikoKqT8/OK83NS9ZwhNEghAwQwghQWAADROOumXQAAAA==[0minit:
    [mkdir] Created dir: /var/lib/jenkins/workspace/junit-test/target/classes/cloud-storage-allocator-random.jar

[8mha:AAAAYB+LCAAAAAAAAABb85aBtbiIQT6jNKU4P0+vJLE4u1gvPjGvRM8xryQksSg9tcQvvyTVvqNr/s+Vl9uYGBgqihikoKqT8/OK83NS9ZwhNEghAwQwghQWAADROOumXQAAAA==[0mcompile-storage-allocator-random:
     [echo] Compiling /var/lib/jenkins/workspace/junit-test/plugins/storage-allocators/random/src
    [javac] Compiling 1 source file to /var/lib/jenkins/workspace/junit-test/target/classes/cloud-storage-allocator-random.jar
      [jar] Building jar: /var/lib/jenkins/workspace/junit-test/target/jar/cloud-storage-allocator-random.jar

[8mha:AAAAYB+LCAAAAAAAAABb85aBtbiIQT6jNKU4P0+vJLE4u1gvPjGvRM8xryQksSg9tcQvvyTVvqNr/s+Vl9uYGBgqihikoKqT8/OK83NS9ZwhNEghAwQwghQWAADROOumXQAAAA==[0mbuild:

[8mha:AAAAYB+LCAAAAAAAAABb85aBtbiIQT6jNKU4P0+vJLE4u1gvPjGvRM8xryQksSg9tcQvvyTVvqNr/s+Vl9uYGBgqihikoKqT8/OK83NS9ZwhNEghAwQwghQWAADROOumXQAAAA==[0mcompile-storage-allocators:

[8mha:AAAAYB+LCAAAAAAAAABb85aBtbiIQT6jNKU4P0+vJLE4u1gvPjGvRM8xryQksSg9tcQvvyTVvqNr/s+Vl9uYGBgqihikoKqT8/OK83NS9ZwhNEghAwQwghQWAADROOumXQAAAA==[0mcompile-netapp:
     [echo] build.dir=/var/lib/jenkins/workspace/junit-test/build; top.dir=/var/lib/jenkins/workspace/junit-test; netapp.base.dir=/var/lib/jenkins/workspace/junit-test/plugins/file-systems/netapp
     [echo] Using build parameters from /var/lib/jenkins/workspace/junit-test/build/build-cloud.properties
     [echo] Using company info from /var/lib/jenkins/workspace/junit-test/build/cloud.properties
     [echo] Using override file from /var/lib/jenkins/workspace/junit-test/build/replace.properties
     [echo] target.dir=/var/lib/jenkins/workspace/junit-test/target; top.dir=/var/lib/jenkins/workspace/junit-test
     [echo] target.dir=/var/lib/jenkins/workspace/junit-test/target; top.dir=/var/lib/jenkins/workspace/junit-test

[8mha:AAAAYB+LCAAAAAAAAABb85aBtbiIQT6jNKU4P0+vJLE4u1gvPjGvRM8xryQksSg9tcQvvyTVvqNr/s+Vl9uYGBgqihikoKqT8/OK83NS9ZwhNEghAwQwghQWAADROOumXQAAAA==[0minit:
    [mkdir] Created dir: /var/lib/jenkins/workspace/junit-test/target/classes/cloud-plugin-netapp.jar

[8mha:AAAAYB+LCAAAAAAAAABb85aBtbiIQT6jNKU4P0+vJLE4u1gvPjGvRM8xryQksSg9tcQvvyTVvqNr/s+Vl9uYGBgqihikoKqT8/OK83NS9ZwhNEghAwQwghQWAADROOumXQAAAA==[0mcompile-netapp:
     [echo] Compiling /var/lib/jenkins/workspace/junit-test/plugins/file-systems/netapp/src
    [javac] Compiling 25 source files to /var/lib/jenkins/workspace/junit-test/target/classes/cloud-plugin-netapp.jar
    [javac] Note: Some input files use unchecked or unsafe operations.
    [javac] Note: Recompile with -Xlint:unchecked for details.
      [jar] Building jar: /var/lib/jenkins/workspace/junit-test/target/jar/cloud-plugin-netapp.jar

[8mha:AAAAYB+LCAAAAAAAAABb85aBtbiIQT6jNKU4P0+vJLE4u1gvPjGvRM8xryQksSg9tcQvvyTVvqNr/s+Vl9uYGBgqihikoKqT8/OK83NS9ZwhNEghAwQwghQWAADROOumXQAAAA==[0mbuild:

[8mha:AAAAYB+LCAAAAAAAAABb85aBtbiIQT6jNKU4P0+vJLE4u1gvPjGvRM8xryQksSg9tcQvvyTVvqNr/s+Vl9uYGBgqihikoKqT8/OK83NS9ZwhNEghAwQwghQWAADROOumXQAAAA==[0mcompile-file-systems:

[8mha:AAAAYB+LCAAAAAAAAABb85aBtbiIQT6jNKU4P0+vJLE4u1gvPjGvRM8xryQksSg9tcQvvyTVvqNr/s+Vl9uYGBgqihikoKqT8/OK83NS9ZwhNEghAwQwghQWAADROOumXQAAAA==[0mcompile-plugins:

[8mha:AAAAYB+LCAAAAAAAAABb85aBtbiIQT6jNKU4P0+vJLE4u1gvPjGvRM8xryQksSg9tcQvvyTVvqNr/s+Vl9uYGBgqihikoKqT8/OK83NS9ZwhNEghAwQwghQWAADROOumXQAAAA==[0mcompile-all:

[8mha:AAAAYB+LCAAAAAAAAABb85aBtbiIQT6jNKU4P0+vJLE4u1gvPjGvRM8xryQksSg9tcQvvyTVvqNr/s+Vl9uYGBgqihikoKqT8/OK83NS9ZwhNEghAwQwghQWAADROOumXQAAAA==[0mcompile-tests:
    [mkdir] Created dir: /var/lib/jenkins/workspace/junit-test/unittest
    [mkdir] Created dir: /var/lib/jenkins/workspace/junit-test/unittest/classes
    [mkdir] Created dir: /var/lib/jenkins/workspace/junit-test/unittest/jar
    [mkdir] Created dir: /var/lib/jenkins/workspace/junit-test/unittest/classes/utils-test.jar
     [echo] Compiling /var/lib/jenkins/workspace/junit-test/utils/test
    [javac] Compiling 12 source files to /var/lib/jenkins/workspace/junit-test/unittest/classes/utils-test.jar
      [jar] Building jar: /var/lib/jenkins/workspace/junit-test/unittest/jar/utils-test.jar
    [mkdir] Created dir: /var/lib/jenkins/workspace/junit-test/unittest/classes/server-test.jar
     [echo] Compiling /var/lib/jenkins/workspace/junit-test/server/test
    [javac] Compiling 36 source files to /var/lib/jenkins/workspace/junit-test/unittest/classes/server-test.jar
      [jar] Building jar: /var/lib/jenkins/workspace/junit-test/unittest/jar/server-test.jar

[8mha:AAAAYB+LCAAAAAAAAABb85aBtbiIQT6jNKU4P0+vJLE4u1gvPjGvRM8xryQksSg9tcQvvyTVvqNr/s+Vl9uYGBgqihikoKqT8/OK83NS9ZwhNEghAwQwghQWAADROOumXQAAAA==[0munittest:
    [junit] WARNING: multiple versions of ant detected in path for junit 
    [junit]          jar:file:/usr/share/java/ant.jar!/org/apache/tools/ant/Project.class
    [junit]      and jar:file:/var/lib/jenkins/workspace/junit-test/tools/tooljars/cloud-selenium-java-client-driver.jar!/org/apache/tools/ant/Project.class
    [junit] Listening for transport dt_socket at address: 8787
    [junit] Running com.cloud.utils.db.ElementCollectionTest
    [junit] Tests run: 1, Failures: 0, Errors: 0, Time elapsed: 0.005 sec
    [junit] Listening for transport dt_socket at address: 8787
    [junit] 2012-07-05 19:04:38,660 WARN  [db.Transaction.Transaction] (main:) Unable to load db configuration, using defaults with 5 connections.  Please check your configuration
    [junit] java.lang.NullPointerException
    [junit] 	at java.io.FileInputStream.<init>(FileInputStream.java:133)
    [junit] 	at com.cloud.utils.db.Transaction.<clinit>(Transaction.java:967)
    [junit] 	at com.cloud.utils.db.Merovingian2.<init>(Merovingian2.java:68)
    [junit] 	at com.cloud.utils.db.Merovingian2.createLockMaster(Merovingian2.java:80)
    [junit] 	at com.cloud.utils.db.Merovingian2Test.<init>(Merovingian2Test.java:29)
    [junit] 	at sun.reflect.NativeConstructorAccessorImpl.newInstance0(Native Method)
    [junit] 	at sun.reflect.NativeConstructorAccessorImpl.newInstance(NativeConstructorAccessorImpl.java:57)
    [junit] 	at sun.reflect.DelegatingConstructorAccessorImpl.newInstance(DelegatingConstructorAccessorImpl.java:45)
    [junit] 	at java.lang.reflect.Constructor.newInstance(Constructor.java:532)
    [junit] 	at junit.framework.TestSuite.createTest(TestSuite.java:61)
    [junit] 	at junit.framework.TestSuite.addTestMethod(TestSuite.java:283)
    [junit] 	at junit.framework.TestSuite.<init>(TestSuite.java:146)
    [junit] 	at org.apache.tools.ant.taskdefs.optional.junit.JUnitTestRunner.run(JUnitTestRunner.java:484)
    [junit] 	at org.apache.tools.ant.taskdefs.optional.junit.JUnitTestRunner.launch(JUnitTestRunner.java:1052)
    [junit] 	at org.apache.tools.ant.taskdefs.optional.junit.JUnitTestRunner.main(JUnitTestRunner.java:906)
    [junit] 2012-07-05 19:04:39,708 TRACE [db.Transaction.Connection] (main:) Retrieving a standalone connection: dbconn25894799
    [junit] 2012-07-05 19:04:39,733 DEBUG [utils.db.ConnectionConcierge] (main:) Registering a database connection for LockMaster1
    [junit] 2012-07-05 19:04:39,733 INFO  [utils.db.Merovingian2] (main:) Cleaning up locks for 1234
    [junit] 2012-07-05 19:04:39,737 TRACE [utils.db.ConnectionConcierge] (ConnectionConcierge-1:) connection concierge keep alive task
    [junit] 2012-07-05 19:04:39,780 INFO  [utils.db.Merovingian2] (main:) Released 0 locks for 1234
    [junit] Running com.cloud.utils.db.Merovingian2Test
    [junit] 2012-07-05 19:04:39,783 INFO  [utils.db.Merovingian2] (main:) Cleaning up locks for 1234
    [junit] 2012-07-05 19:04:39,786 INFO  [utils.db.Merovingian2] (main:) Released 0 locks for 1234
    [junit] 2012-07-05 19:04:39,786 INFO  [utils.db.Merovingian2Test] (main:) Testing first acquire
    [junit] 2012-07-05 19:04:39,787 TRACE [utils.db.Merovingian2] (main:) Acquiring lck-first1234 with wait time of 5
    [junit] 2012-07-05 19:04:39,798 TRACE [utils.db.Merovingian2] (main:) Acquired for lck-first1234
    [junit] 2012-07-05 19:04:39,799 INFO  [utils.db.Merovingian2Test] (main:) Testing acquire of different lock
    [junit] 2012-07-05 19:04:39,799 TRACE [utils.db.Merovingian2] (main:) Acquiring lck-second1234 with wait time of 5
    [junit] 2012-07-05 19:04:39,802 TRACE [utils.db.Merovingian2] (main:) Acquired for lck-second1234
    [junit] 2012-07-05 19:04:39,802 INFO  [utils.db.Merovingian2Test] (main:) Testing reacquire of the same lock
    [junit] 2012-07-05 19:04:39,802 TRACE [utils.db.Merovingian2] (main:) Acquiring lck-first1234 with wait time of 5
    [junit] 2012-07-05 19:04:39,809 TRACE [utils.db.Merovingian2] (main:) lck-first1234 acquired again
    [junit] 2012-07-05 19:04:39,810 INFO  [utils.db.Merovingian2Test] (main:) Testing release of the first lock
    [junit] 2012-07-05 19:04:39,810 TRACE [utils.db.Merovingian2] (main:) lck-first1234 released
    [junit] 2012-07-05 19:04:39,811 INFO  [utils.db.Merovingian2Test] (main:) Testing release of the second lock
    [junit] 2012-07-05 19:04:39,817 TRACE [utils.db.Merovingian2] (main:) lck-second1234 released
    [junit] 2012-07-05 19:04:39,817 TRACE [utils.db.Merovingian2] (main:) lck-second1234 removed
    [junit] 2012-07-05 19:04:39,818 TRACE [utils.db.Merovingian2] (main:) lck-first1234 released
    [junit] 2012-07-05 19:04:39,829 TRACE [utils.db.Merovingian2] (main:) lck-first1234 removed
    [junit] 2012-07-05 19:04:39,829 INFO  [utils.db.Merovingian2] (main:) Cleaning up locks for 1234
    [junit] 2012-07-05 19:04:39,830 INFO  [utils.db.Merovingian2] (main:) Released 0 locks for 1234
    [junit] Tests run: 1, Failures: 0, Errors: 0, Time elapsed: 0.049 sec
    [junit] Listening for transport dt_socket at address: 8787
    [junit] Running com.cloud.utils.db.QueryBuilderTest
    [junit] 2012-07-05 19:04:43,152 TRACE [utils.db.GenericDaoBase] (main:) Select SQL: SELECT test.id, test.int, test.long, test.string FROM test WHERE 
    [junit] 2012-07-05 19:04:43,153 TRACE [utils.db.GenericDaoBase] (main:) Remove SQL: No remove sql
    [junit] 2012-07-05 19:04:43,153 TRACE [utils.db.GenericDaoBase] (main:) Select by Id SQL: SELECT test.id, test.int, test.long, test.string FROM test WHERE test.id = ? 
    [junit] 2012-07-05 19:04:43,153 TRACE [utils.db.GenericDaoBase] (main:) Table References: test
    [junit] 2012-07-05 19:04:43,153 TRACE [utils.db.GenericDaoBase] (main:) Insert SQLs:
    [junit] 2012-07-05 19:04:43,153 TRACE [utils.db.GenericDaoBase] (main:) INSERT INTO test (test.int, test.long, test.string) VALUES (?, ?, ?)
    [junit] 2012-07-05 19:04:43,153 TRACE [utils.db.GenericDaoBase] (main:) Delete SQLs
    [junit] 2012-07-05 19:04:43,153 TRACE [utils.db.GenericDaoBase] (main:) DELETE FROM test WHERE test.id= ?
    [junit] 2012-07-05 19:04:43,154 TRACE [utils.db.GenericDaoBase] (main:) Collection SQLs
    [junit] 2012-07-05 19:04:43,155 TRACE [utils.db.GenericDaoBase] (main:) Select SQL: SELECT test.id, test.int, test.long, test.string FROM test WHERE 
    [junit] 2012-07-05 19:04:43,155 TRACE [utils.db.GenericDaoBase] (main:) Remove SQL: No remove sql
    [junit] 2012-07-05 19:04:43,155 TRACE [utils.db.GenericDaoBase] (main:) Select by Id SQL: SELECT test.id, test.int, test.long, test.string FROM test WHERE test.id = ? 
    [junit] 2012-07-05 19:04:43,155 TRACE [utils.db.GenericDaoBase] (main:) Table References: test
    [junit] 2012-07-05 19:04:43,155 TRACE [utils.db.GenericDaoBase] (main:) Insert SQLs:
    [junit] 2012-07-05 19:04:43,155 TRACE [utils.db.GenericDaoBase] (main:) INSERT INTO test (test.int, test.long, test.string) VALUES (?, ?, ?)
    [junit] 2012-07-05 19:04:43,155 TRACE [utils.db.GenericDaoBase] (main:) Delete SQLs
    [junit] 2012-07-05 19:04:43,155 TRACE [utils.db.GenericDaoBase] (main:) DELETE FROM test WHERE test.id= ?
    [junit] 2012-07-05 19:04:43,155 TRACE [utils.db.GenericDaoBase] (main:) Collection SQLs
    [junit] Tests run: 1, Failures: 0, Errors: 0, Time elapsed: 1.107 sec
    [junit] Listening for transport dt_socket at address: 8787
    [junit] Running com.cloud.utils.log.CglibThrowableRendererTest
    [junit] 2012-07-05 19:04:46,485 WARN  [db.Transaction.Transaction] (main:) Unable to load db configuration, using defaults with 5 connections.  Please check your configuration
    [junit] java.lang.NullPointerException
    [junit] 	at java.io.FileInputStream.<init>(FileInputStream.java:133)
    [junit] 	at com.cloud.utils.db.Transaction.<clinit>(Transaction.java:967)
    [junit] 	at com.cloud.utils.db.DatabaseCallback.interceptStart(DatabaseCallback.java:66)
    [junit] 	at com.cloud.utils.db.DatabaseCallback.intercept(DatabaseCallback.java:32)
    [junit] 	at com.cloud.utils.log.CglibThrowableRendererTest.testException(CglibThrowableRendererTest.java:55)
    [junit] 	at sun.reflect.NativeMethodAccessorImpl.invoke0(Native Method)
    [junit] 	at sun.reflect.NativeMethodAccessorImpl.invoke(NativeMethodAccessorImpl.java:57)
    [junit] 	at sun.reflect.DelegatingMethodAccessorImpl.invoke(DelegatingMethodAccessorImpl.java:43)
    [junit] 	at java.lang.reflect.Method.invoke(Method.java:616)
    [junit] 	at junit.framework.TestCase.runTest(TestCase.java:168)
    [junit] 	at junit.framework.TestCase.runBare(TestCase.java:134)
    [junit] 	at junit.framework.TestResult$1.protect(TestResult.java:110)
    [junit] 	at junit.framework.TestResult.runProtected(TestResult.java:128)
    [junit] 	at junit.framework.TestResult.run(TestResult.java:113)
    [junit] 	at junit.framework.TestCase.run(TestCase.java:124)
    [junit] 	at junit.framework.TestSuite.runTest(TestSuite.java:232)
    [junit] 	at junit.framework.TestSuite.run(TestSuite.java:227)
    [junit] 	at org.apache.tools.ant.taskdefs.optional.junit.JUnitTestRunner.run(JUnitTestRunner.java:518)
    [junit] 	at org.apache.tools.ant.taskdefs.optional.junit.JUnitTestRunner.launch(JUnitTestRunner.java:1052)
    [junit] 	at org.apache.tools.ant.taskdefs.optional.junit.JUnitTestRunner.main(JUnitTestRunner.java:906)
    [junit] 2012-07-05 19:04:46,487 TRACE [db.Transaction.Transaction] (main:) Creating the transaction: exception
    [junit] 2012-07-05 19:04:46,487 TRACE [db.Transaction.Transaction] (main:) Took over the transaction: exception
    [junit] 2012-07-05 19:04:46,536 TRACE [db.Transaction.Transaction] (main:) Using current transaction: exception : exception, 
    [junit] 2012-07-05 19:04:46,551 TRACE [db.Transaction.Transaction] (main:) Transaction is done
    [junit] 2012-07-05 19:04:46,553 WARN  [utils.log.CglibThrowableRendererTest] (main:) exception caught
    [junit] com.cloud.utils.exception.CloudRuntimeException: exception
    [junit] 	at com.cloud.utils.log.CglibThrowableRendererTest$Test.exception(CglibThrowableRendererTest.java:47)
    [junit] 	at com.cloud.utils.db.DatabaseCallback.intercept(DatabaseCallback.java:34)
    [junit] 	at com.cloud.utils.log.CglibThrowableRendererTest.testException(CglibThrowableRendererTest.java:55)
    [junit] 	at sun.reflect.NativeMethodAccessorImpl.invoke0(Native Method)
    [junit] 	at sun.reflect.NativeMethodAccessorImpl.invoke(NativeMethodAccessorImpl.java:57)
    [junit] 	at sun.reflect.DelegatingMethodAccessorImpl.invoke(DelegatingMethodAccessorImpl.java:43)
    [junit] 	at java.lang.reflect.Method.invoke(Method.java:616)
    [junit] 	at junit.framework.TestCase.runTest(TestCase.java:168)
    [junit] 	at junit.framework.TestCase.runBare(TestCase.java:134)
    [junit] 	at junit.framework.TestResult$1.protect(TestResult.java:110)
    [junit] 	at junit.framework.TestResult.runProtected(TestResult.java:128)
    [junit] 	at junit.framework.TestResult.run(TestResult.java:113)
    [junit] 	at junit.framework.TestCase.run(TestCase.java:124)
    [junit] 	at junit.framework.TestSuite.runTest(TestSuite.java:232)
    [junit] 	at junit.framework.TestSuite.run(TestSuite.java:227)
    [junit] 	at org.apache.tools.ant.taskdefs.optional.junit.JUnitTestRunner.run(JUnitTestRunner.java:518)
    [junit] 	at org.apache.tools.ant.taskdefs.optional.junit.JUnitTestRunner.launch(JUnitTestRunner.java:1052)
    [junit] 	at org.apache.tools.ant.taskdefs.optional.junit.JUnitTestRunner.main(JUnitTestRunner.java:906)
    [junit] Caused by: com.cloud.utils.exception.CloudRuntimeException: exception2
    [junit] 	at com.cloud.utils.log.CglibThrowableRendererTest$Test.exception2(CglibThrowableRendererTest.java:39)
    [junit] 	at com.cloud.utils.log.CglibThrowableRendererTest$Test.exception(CglibThrowableRendererTest.java:45)
    [junit] 	... 21 more
    [junit] Caused by: java.lang.IllegalArgumentException: What a bad exception
    [junit] 	at com.cloud.utils.log.CglibThrowableRendererTest$Test.exception1(CglibThrowableRendererTest.java:33)
    [junit] 	at com.cloud.utils.db.DatabaseCallback.intercept(DatabaseCallback.java:34)
    [junit] 	at com.cloud.utils.log.CglibThrowableRendererTest$Test.exception2(CglibThrowableRendererTest.java:37)
    [junit] 	... 22 more
    [junit] Tests run: 1, Failures: 0, Errors: 0, Time elapsed: 0.566 sec
    [junit] Listening for transport dt_socket at address: 8787
    [junit] Running com.cloud.utils.net.NetUtilsTest
    [junit] Tests run: 1, Failures: 0, Errors: 0, Time elapsed: 0.627 sec
    [junit] Listening for transport dt_socket at address: 8787
    [junit] Running com.cloud.utils.testcase.NioTest
    [junit] 2012-07-05 19:04:52,183 INFO  [utils.testcase.NioTest] (main:) Test
    [junit] 2012-07-05 19:04:52,431 INFO  [utils.nio.NioServer] (NioTestServer-Selector:) NioConnection started and listening on 0.0.0.0/0.0.0.0:7777
    [junit] 2012-07-05 19:04:52,436 INFO  [utils.nio.NioClient] (NioTestServer-Selector:) Connecting to 127.0.0.1:7777
    [junit] 2012-07-05 19:04:52,437 TRACE [utils.nio.NioConnection] (NioTestServer-Selector:) Keys Processing: 1
    [junit] 2012-07-05 19:04:52,439 TRACE [utils.nio.NioConnection] (NioTestServer-Selector:) Connection accepted for Socket[addr=/127.0.0.1,port=35625,localport=7777]
    [junit] 2012-07-05 19:04:52,569 TRACE [utils.nio.NioConnection] (NioTestServer-Selector:) Socket Socket[addr=/127.0.0.1,port=35625,localport=7777] closed on read.  Probably -1 returned: null
    [junit] 2012-07-05 19:04:52,569 TRACE [utils.nio.NioConnection] (NioTestServer-Selector:) Keys Done Processing.
    [junit] 2012-07-05 19:04:52,596 TRACE [utils.nio.Link] (NioTestServer-Selector:) SSL: SSLcontext has been initialized
    [junit] 2012-07-05 19:04:52,779 TRACE [utils.nio.Link] (NioTestServer-Selector:) SSL: begin Handshake, isClient: true
    [junit] 2012-07-05 19:04:52,780 TRACE [utils.nio.Link] (NioTestServer-Selector:) SSL: Handshake status NEED_WRAP
    [junit] 2012-07-05 19:04:52,784 TRACE [utils.nio.Link] (NioTestServer-Selector:) SSL: Handshake status NEED_UNWRAP
    [junit] 2012-07-05 19:04:52,785 ERROR [utils.nio.NioConnection] (NioTestServer-Selector:) Unable to initialize the threads.
    [junit] java.io.IOException: SSL: Fail to init SSL! java.io.IOException: Connection closed with -1 on reading size.
    [junit] 	at com.cloud.utils.nio.NioClient.init(NioClient.java:83)
    [junit] 	at com.cloud.utils.nio.NioConnection.run(NioConnection.java:108)
    [junit] 	at java.lang.Thread.run(Thread.java:679)
